d:\인하대학교\3학년 2학기(2021-2)\문해기\solving\solving\solving\debug\vc142.pdb
d:\인하대학교\3학년 2학기(2021-2)\문해기\solving\solving\solving\debug\vc142.idb
d:\인하대학교\3학년 2학기(2021-2)\문해기\solving\solving\solving\debug\week5_b_12171678_leejuho.obj
d:\인하대학교\3학년 2학기(2021-2)\문해기\solving\solving\solving\debug\week5_a_12171678_leejuho.obj
d:\인하대학교\3학년 2학기(2021-2)\문해기\solving\solving\debug\solving.exe
d:\인하대학교\3학년 2학기(2021-2)\문해기\solving\solving\debug\solving.ilk
d:\인하대학교\3학년 2학기(2021-2)\문해기\solving\solving\debug\solving.pdb
d:\인하대학교\3학년 2학기(2021-2)\문해기\solving\solving\solving\debug\kakaocodinga.obj
d:\인하대학교\3학년 2학기(2021-2)\문해기\solving\solving\solving\debug\kakaocodingb.obj
d:\인하대학교\3학년 2학기(2021-2)\문해기\solving\solving\solving\debug\kakaocodingd.obj
d:\인하대학교\3학년 2학기(2021-2)\문해기\solving\solving\solving\debug\kakaocodinge.obj
d:\인하대학교\3학년 2학기(2021-2)\문해기\solving\solving\solving\debug\kakaocodingf.obj
d:\인하대학교\3학년 2학기(2021-2)\문해기\solving\solving\solving\debug\week1_b_12171678_leejuho.obj
d:\인하대학교\3학년 2학기(2021-2)\문해기\solving\solving\solving\debug\week2_a_12171678_leejuho.obj
d:\인하대학교\3학년 2학기(2021-2)\문해기\solving\solving\solving\debug\week3_a_12171678_leejuho.obj
d:\인하대학교\3학년 2학기(2021-2)\문해기\solving\solving\solving\debug\week3_b_12171678_leejuho.obj
d:\인하대학교\3학년 2학기(2021-2)\문해기\solving\solving\solving\debug\week4_a_12171678_leejuho.obj
d:\인하대학교\3학년 2학기(2021-2)\문해기\solving\solving\solving\debug\week4_b-1_12171678_leejuho.obj
d:\인하대학교\3학년 2학기(2021-2)\문해기\solving\solving\solving\debug\solving.ilk
d:\인하대학교\3학년 2학기(2021-2)\문해기\solving\solving\solving\debug\solving.tlog\cl.command.1.tlog
d:\인하대학교\3학년 2학기(2021-2)\문해기\solving\solving\solving\debug\solving.tlog\cl.read.1.tlog
d:\인하대학교\3학년 2학기(2021-2)\문해기\solving\solving\solving\debug\solving.tlog\cl.write.1.tlog
d:\인하대학교\3학년 2학기(2021-2)\문해기\solving\solving\solving\debug\solving.tlog\link.command.1.tlog
d:\인하대학교\3학년 2학기(2021-2)\문해기\solving\solving\solving\debug\solving.tlog\link.delete.1.tlog
d:\인하대학교\3학년 2학기(2021-2)\문해기\solving\solving\solving\debug\solving.tlog\link.read.1.tlog
d:\인하대학교\3학년 2학기(2021-2)\문해기\solving\solving\solving\debug\solving.tlog\link.write.1.tlog
